[01m[K/home/job/gnc/drone-swarm/catkin_ws/src/supervisor/src/Model/supervisor.cpp:42:36:[m[K [01;31m[Kerror: [m[Kno â€˜[01m[Kvoid Supervisor::publishToPyCopter()[m[Kâ€™ member function declared in class â€˜[01m[KSupervisor[m[Kâ€™
 void Supervisor::publishToPyCopter()
[01;32m[K                                    ^[m[K
make[2]: *** [CMakeFiles/supervisor_main.dir/src/Model/supervisor.cpp.o] Error 1
make[1]: *** [CMakeFiles/supervisor_main.dir/all] Error 2
make: *** [all] Error 2
