[01m[K/home/job/gnc/drone-swarm/catkin_ws/src/supervisor/src/Model/supervisor.cpp:[m[K In member function â€˜[01m[Kvoid Supervisor::publishToPyCopter(int)[m[Kâ€™:
[01m[K/home/job/gnc/drone-swarm/catkin_ws/src/supervisor/src/Model/supervisor.cpp:52:20:[m[K [01;31m[Kerror: [m[Kâ€˜[01m[Krandom_positions[m[Kâ€™ was not declared in this scope
   data[iterator] = random_positions[i].x;//x
[01;32m[K                    ^[m[K
make[2]: *** [CMakeFiles/supervisor_main.dir/src/Model/supervisor.cpp.o] Error 1
make[1]: *** [CMakeFiles/supervisor_main.dir/all] Error 2
make: *** [all] Error 2
